# JRE version: OpenJDK Runtime Environment (21.0.4+7) (build 21.0.4+7-Ubuntu-1ubuntu224.04)
# Java VM: OpenJDK 64-Bit Server VM (21.0.4+7-Ubuntu-1ubuntu224.04, mixed mode, sharing, tiered, compressed oops, compressed class ptrs, g1 gc, linux-amd64)
Heap:
 garbage-first heap   total 10240K, used 3888K [0x0000000084400000, 0x0000000100000000)
  region size 1024K, 2 young (2048K), 1 survivors (1024K)
 Metaspace       used 14252K, committed 14528K, reserved 1114112K
  class space    used 1597K, committed 1728K, reserved 1048576K
GC Heap History (12 events):
Event: 0.190 GC heap before
{Heap before GC invocations=0 (full 0):
 garbage-first heap   total 10240K, used 4126K [0x0000000084400000, 0x0000000100000000)
  region size 1024K, 3 young (3072K), 0 survivors (0K)
 Metaspace       used 4153K, committed 4352K, reserved 1114112K
  class space    used 423K, committed 512K, reserved 1048576K
}
Event: 0.193 GC heap after
{Heap after GC invocations=1 (full 0):
 garbage-first heap   total 10240K, used 2014K [0x0000000084400000, 0x0000000100000000)
  region size 1024K, 1 young (1024K), 1 survivors (1024K)
 Metaspace       used 4153K, committed 4352K, reserved 1114112K
  class space    used 423K, committed 512K, reserved 1048576K
}
Event: 1.692 GC heap before
{Heap before GC invocations=1 (full 0):
 garbage-first heap   total 10240K, used 4062K [0x0000000084400000, 0x0000000100000000)
  region size 1024K, 3 young (3072K), 1 survivors (1024K)
 Metaspace       used 6918K, committed 7168K, reserved 1114112K
  class space    used 767K, committed 896K, reserved 1048576K
}
Event: 1.695 GC heap after
{Heap after GC invocations=2 (full 0):
 garbage-first heap   total 10240K, used 2724K [0x0000000084400000, 0x0000000100000000)
  region size 1024K, 1 young (1024K), 1 survivors (1024K)
 Metaspace       used 6918K, committed 7168K, reserved 1114112K
  class space    used 767K, committed 896K, reserved 1048576K
}
Event: 1.846 GC heap before
{Heap before GC invocations=2 (full 0):
 garbage-first heap   total 10240K, used 3748K [0x0000000084400000, 0x0000000100000000)
  region size 1024K, 3 young (3072K), 1 survivors (1024K)
 Metaspace       used 10781K, committed 11008K, reserved 1114112K
  class space    used 1237K, committed 1344K, reserved 1048576K
}
Event: 1.847 GC heap after
{Heap after GC invocations=3 (full 0):
 garbage-first heap   total 10240K, used 3349K [0x0000000084400000, 0x0000000100000000)
  region size 1024K, 1 young (1024K), 1 survivors (1024K)
 Metaspace       used 10781K, committed 11008K, reserved 1114112K
  class space    used 1237K, committed 1344K, reserved 1048576K
}
Event: 1.935 GC heap before
{Heap before GC invocations=3 (full 0):
 garbage-first heap   total 10240K, used 5397K [0x0000000084400000, 0x0000000100000000)
  region size 1024K, 3 young (3072K), 1 survivors (1024K)
 Metaspace       used 12653K, committed 12928K, reserved 1114112K
  class space    used 1446K, committed 1536K, reserved 1048576K
}
Event: 1.937 GC heap after
{Heap after GC invocations=4 (full 0):
 garbage-first heap   total 10240K, used 3709K [0x0000000084400000, 0x0000000100000000)
  region size 1024K, 1 young (1024K), 1 survivors (1024K)
 Metaspace       used 12653K, committed 12928K, reserved 1114112K
  class space    used 1446K, committed 1536K, reserved 1048576K
}
Event: 1.983 GC heap before
{Heap before GC invocations=5 (full 0):
 garbage-first heap   total 10240K, used 4733K [0x0000000084400000, 0x0000000100000000)
  region size 1024K, 2 young (2048K), 1 survivors (1024K)
 Metaspace       used 13391K, committed 13632K, reserved 1114112K
  class space    used 1521K, committed 1600K, reserved 1048576K
}
Event: 1.985 GC heap after
{Heap after GC invocations=6 (full 0):
 garbage-first heap   total 10240K, used 4035K [0x0000000084400000, 0x0000000100000000)
  region size 1024K, 1 young (1024K), 1 survivors (1024K)
 Metaspace       used 13391K, committed 13632K, reserved 1114112K
  class space    used 1521K, committed 1600K, reserved 1048576K
}
Event: 2.000 GC heap before
{Heap before GC invocations=6 (full 0):
 garbage-first heap   total 10240K, used 4035K [0x0000000084400000, 0x0000000100000000)
  region size 1024K, 2 young (2048K), 1 survivors (1024K)
 Metaspace       used 13468K, committed 13696K, reserved 1114112K
  class space    used 1527K, committed 1600K, reserved 1048576K
}
Event: 2.001 GC heap after
{Heap after GC invocations=7 (full 0):
 garbage-first heap   total 10240K, used 3888K [0x0000000084400000, 0x0000000100000000)
  region size 1024K, 1 young (1024K), 1 survivors (1024K)
 Metaspace       used 13468K, committed 13696K, reserved 1114112K
  class space    used 1527K, committed 1600K, reserved 1048576K
}

